
*** Running vivado
    with args -log felix_gtp0.vds -m64 -product Vivado -mode batch -messageDb vivado.pb -notrace -source felix_gtp0.tcl



****** Vivado v2020.2 (64-bit)
  **** SW Build 3064766 on Wed Nov 18 09:12:45 MST 2020
  **** IP Build 3064653 on Wed Nov 18 14:17:31 MST 2020
    ** Copyright 1986-2020 Xilinx, Inc. All Rights Reserved.

source felix_gtp0.tcl -notrace
create_project: Time (s): cpu = 00:00:06 ; elapsed = 00:00:12 . Memory (MB): peak = 1086.965 ; gain = 0.000
Command: synth_design -top felix_gtp0 -part xc7a200tfbg676-3 -mode out_of_context
Starting synth_design
Attempting to get a license for feature 'Synthesis' and/or device 'xc7a200t'
INFO: [Common 17-349] Got license for feature 'Synthesis' and/or device 'xc7a200t'
INFO: [Device 21-403] Loading part xc7a200tfbg676-3
INFO: [Synth 8-7079] Multithreading enabled for synth_design using a maximum of 2 processes.
INFO: [Synth 8-7078] Launching helper process for spawning children vivado processes
INFO: [Synth 8-7075] Helper process launched with PID 14992
WARNING: [Synth 8-2507] parameter declaration becomes local in felix_gtp0_common with formal parameter declaration list [c:/Users/HP/Desktop/loopback_2nd_v/loopback_2nd_v.srcs/sources_1/ip/felix_gtp0/felix_gtp0_common.v:94]
WARNING: [Synth 8-2507] parameter declaration becomes local in felix_gtp0_common with formal parameter declaration list [c:/Users/HP/Desktop/loopback_2nd_v/loopback_2nd_v.srcs/sources_1/ip/felix_gtp0/felix_gtp0_common.v:95]
WARNING: [Synth 8-2507] parameter declaration becomes local in felix_gtp0_common with formal parameter declaration list [c:/Users/HP/Desktop/loopback_2nd_v/loopback_2nd_v.srcs/sources_1/ip/felix_gtp0/felix_gtp0_common.v:96]
WARNING: [Synth 8-2507] parameter declaration becomes local in felix_gtp0_common with formal parameter declaration list [c:/Users/HP/Desktop/loopback_2nd_v/loopback_2nd_v.srcs/sources_1/ip/felix_gtp0/felix_gtp0_common.v:97]
WARNING: [Synth 8-2507] parameter declaration becomes local in felix_gtp0_common with formal parameter declaration list [c:/Users/HP/Desktop/loopback_2nd_v/loopback_2nd_v.srcs/sources_1/ip/felix_gtp0/felix_gtp0_common.v:98]
WARNING: [Synth 8-2507] parameter declaration becomes local in felix_gtp0_common with formal parameter declaration list [c:/Users/HP/Desktop/loopback_2nd_v/loopback_2nd_v.srcs/sources_1/ip/felix_gtp0/felix_gtp0_common.v:99]
---------------------------------------------------------------------------------
Starting RTL Elaboration : Time (s): cpu = 00:00:13 ; elapsed = 00:00:15 . Memory (MB): peak = 1166.469 ; gain = 79.504
---------------------------------------------------------------------------------
INFO: [Synth 8-6157] synthesizing module 'felix_gtp0' [c:/Users/HP/Desktop/loopback_2nd_v/loopback_2nd_v.srcs/sources_1/ip/felix_gtp0/felix_gtp0.v:72]
INFO: [Synth 8-6157] synthesizing module 'felix_gtp0_support' [c:/Users/HP/Desktop/loopback_2nd_v/loopback_2nd_v.srcs/sources_1/ip/felix_gtp0/felix_gtp0_support.v:70]
	Parameter EXAMPLE_SIM_GTRESET_SPEEDUP bound to: FALSE - type: string 
	Parameter STABLE_CLOCK_PERIOD bound to: 16 - type: integer 
INFO: [Synth 8-6157] synthesizing module 'felix_gtp0_GT_USRCLK_SOURCE' [c:/Users/HP/Desktop/loopback_2nd_v/loopback_2nd_v.srcs/sources_1/ip/felix_gtp0/felix_gtp0_gt_usrclk_source.v:68]
INFO: [Synth 8-6157] synthesizing module 'IBUFDS_GTE2' [C:/Xilinx/Vivado/2020.2/scripts/rt/data/unisim_comp.v:33137]
	Parameter CLKCM_CFG bound to: TRUE - type: string 
	Parameter CLKRCV_TRST bound to: TRUE - type: string 
	Parameter CLKSWING_CFG bound to: 2'b11 
INFO: [Synth 8-6155] done synthesizing module 'IBUFDS_GTE2' (1#1) [C:/Xilinx/Vivado/2020.2/scripts/rt/data/unisim_comp.v:33137]
INFO: [Synth 8-6157] synthesizing module 'felix_gtp0_CLOCK_MODULE' [c:/Users/HP/Desktop/loopback_2nd_v/loopback_2nd_v.srcs/sources_1/ip/felix_gtp0/felix_gtp0/example_design/support/felix_gtp0_clock_module.v:69]
	Parameter MULT bound to: 3.000000 - type: double 
	Parameter DIVIDE bound to: 1 - type: integer 
	Parameter CLK_PERIOD bound to: 4.158000 - type: double 
	Parameter OUT0_DIVIDE bound to: 6.000000 - type: double 
	Parameter OUT1_DIVIDE bound to: 3 - type: integer 
	Parameter OUT2_DIVIDE bound to: 1 - type: integer 
	Parameter OUT3_DIVIDE bound to: 1 - type: integer 
INFO: [Synth 8-6157] synthesizing module 'BUFG' [C:/Xilinx/Vivado/2020.2/scripts/rt/data/unisim_comp.v:1083]
INFO: [Synth 8-6155] done synthesizing module 'BUFG' (2#1) [C:/Xilinx/Vivado/2020.2/scripts/rt/data/unisim_comp.v:1083]
INFO: [Synth 8-6157] synthesizing module 'MMCME2_ADV' [C:/Xilinx/Vivado/2020.2/scripts/rt/data/unisim_comp.v:39998]
	Parameter BANDWIDTH bound to: OPTIMIZED - type: string 
	Parameter CLKFBOUT_MULT_F bound to: 3.000000 - type: double 
	Parameter CLKFBOUT_PHASE bound to: 0.000000 - type: double 
	Parameter CLKFBOUT_USE_FINE_PS bound to: FALSE - type: string 
	Parameter CLKIN1_PERIOD bound to: 4.158000 - type: double 
	Parameter CLKIN2_PERIOD bound to: 0.000000 - type: double 
	Parameter CLKOUT0_DIVIDE_F bound to: 6.000000 - type: double 
	Parameter CLKOUT0_DUTY_CYCLE bound to: 0.500000 - type: double 
	Parameter CLKOUT0_PHASE bound to: 0.000000 - type: double 
	Parameter CLKOUT0_USE_FINE_PS bound to: FALSE - type: string 
	Parameter CLKOUT1_DIVIDE bound to: 3 - type: integer 
	Parameter CLKOUT1_DUTY_CYCLE bound to: 0.500000 - type: double 
	Parameter CLKOUT1_PHASE bound to: 0.000000 - type: double 
	Parameter CLKOUT1_USE_FINE_PS bound to: FALSE - type: string 
	Parameter CLKOUT2_DIVIDE bound to: 1 - type: integer 
	Parameter CLKOUT2_DUTY_CYCLE bound to: 0.500000 - type: double 
	Parameter CLKOUT2_PHASE bound to: 0.000000 - type: double 
	Parameter CLKOUT2_USE_FINE_PS bound to: FALSE - type: string 
	Parameter CLKOUT3_DIVIDE bound to: 1 - type: integer 
	Parameter CLKOUT3_DUTY_CYCLE bound to: 0.500000 - type: double 
	Parameter CLKOUT3_PHASE bound to: 0.000000 - type: double 
	Parameter CLKOUT3_USE_FINE_PS bound to: FALSE - type: string 
	Parameter CLKOUT4_CASCADE bound to: FALSE - type: string 
	Parameter CLKOUT4_DIVIDE bound to: 1 - type: integer 
	Parameter CLKOUT4_DUTY_CYCLE bound to: 0.500000 - type: double 
	Parameter CLKOUT4_PHASE bound to: 0.000000 - type: double 
	Parameter CLKOUT4_USE_FINE_PS bound to: FALSE - type: string 
	Parameter CLKOUT5_DIVIDE bound to: 1 - type: integer 
	Parameter CLKOUT5_DUTY_CYCLE bound to: 0.500000 - type: double 
	Parameter CLKOUT5_PHASE bound to: 0.000000 - type: double 
	Parameter CLKOUT5_USE_FINE_PS bound to: FALSE - type: string 
	Parameter CLKOUT6_DIVIDE bound to: 1 - type: integer 
	Parameter CLKOUT6_DUTY_CYCLE bound to: 0.500000 - type: double 
	Parameter CLKOUT6_PHASE bound to: 0.000000 - type: double 
	Parameter CLKOUT6_USE_FINE_PS bound to: FALSE - type: string 
	Parameter COMPENSATION bound to: ZHOLD - type: string 
	Parameter DIVCLK_DIVIDE bound to: 1 - type: integer 
	Parameter IS_CLKINSEL_INVERTED bound to: 1'b0 
	Parameter IS_PSEN_INVERTED bound to: 1'b0 
	Parameter IS_PSINCDEC_INVERTED bound to: 1'b0 
	Parameter IS_PWRDWN_INVERTED bound to: 1'b0 
	Parameter IS_RST_INVERTED bound to: 1'b0 
	Parameter REF_JITTER1 bound to: 0.010000 - type: double 
	Parameter REF_JITTER2 bound to: 0.010000 - type: double 
	Parameter SS_EN bound to: FALSE - type: string 
	Parameter SS_MODE bound to: CENTER_HIGH - type: string 
	Parameter SS_MOD_PERIOD bound to: 10000 - type: integer 
	Parameter STARTUP_WAIT bound to: FALSE - type: string 
INFO: [Synth 8-6155] done synthesizing module 'MMCME2_ADV' (3#1) [C:/Xilinx/Vivado/2020.2/scripts/rt/data/unisim_comp.v:39998]
INFO: [Synth 8-6155] done synthesizing module 'felix_gtp0_CLOCK_MODULE' (4#1) [c:/Users/HP/Desktop/loopback_2nd_v/loopback_2nd_v.srcs/sources_1/ip/felix_gtp0/felix_gtp0/example_design/support/felix_gtp0_clock_module.v:69]
INFO: [Synth 8-6155] done synthesizing module 'felix_gtp0_GT_USRCLK_SOURCE' (5#1) [c:/Users/HP/Desktop/loopback_2nd_v/loopback_2nd_v.srcs/sources_1/ip/felix_gtp0/felix_gtp0_gt_usrclk_source.v:68]
INFO: [Synth 8-6157] synthesizing module 'felix_gtp0_cpll_railing' [c:/Users/HP/Desktop/loopback_2nd_v/loopback_2nd_v.srcs/sources_1/ip/felix_gtp0/felix_gtp0_cpll_railing.v:68]
	Parameter USE_BUFG bound to: 0 - type: integer 
INFO: [Synth 8-6157] synthesizing module 'BUFH' [C:/Xilinx/Vivado/2020.2/scripts/rt/data/unisim_comp.v:1319]
INFO: [Synth 8-6155] done synthesizing module 'BUFH' (6#1) [C:/Xilinx/Vivado/2020.2/scripts/rt/data/unisim_comp.v:1319]
INFO: [Synth 8-6155] done synthesizing module 'felix_gtp0_cpll_railing' (7#1) [c:/Users/HP/Desktop/loopback_2nd_v/loopback_2nd_v.srcs/sources_1/ip/felix_gtp0/felix_gtp0_cpll_railing.v:68]
INFO: [Synth 8-6157] synthesizing module 'felix_gtp0_common' [c:/Users/HP/Desktop/loopback_2nd_v/loopback_2nd_v.srcs/sources_1/ip/felix_gtp0/felix_gtp0_common.v:69]
	Parameter WRAPPER_SIM_GTRESET_SPEEDUP bound to: FALSE - type: string 
	Parameter SIM_PLL0REFCLK_SEL bound to: 3'b001 
	Parameter SIM_PLL1REFCLK_SEL bound to: 3'b001 
	Parameter PLL0_FBDIV_IN bound to: 2 - type: integer 
	Parameter PLL1_FBDIV_IN bound to: 1 - type: integer 
	Parameter PLL0_FBDIV_45_IN bound to: 5 - type: integer 
	Parameter PLL1_FBDIV_45_IN bound to: 4 - type: integer 
	Parameter PLL0_REFCLK_DIV_IN bound to: 1 - type: integer 
	Parameter PLL1_REFCLK_DIV_IN bound to: 1 - type: integer 
INFO: [Synth 8-6157] synthesizing module 'GTPE2_COMMON' [C:/Xilinx/Vivado/2020.2/scripts/rt/data/unisim_comp.v:20679]
	Parameter BIAS_CFG bound to: 64'b0000000000000000000000000000000000000000000001010000000000000001 
	Parameter COMMON_CFG bound to: 0 - type: integer 
	Parameter IS_DRPCLK_INVERTED bound to: 1'b0 
	Parameter IS_GTGREFCLK0_INVERTED bound to: 1'b0 
	Parameter IS_GTGREFCLK1_INVERTED bound to: 1'b0 
	Parameter IS_PLL0LOCKDETCLK_INVERTED bound to: 1'b0 
	Parameter IS_PLL1LOCKDETCLK_INVERTED bound to: 1'b0 
	Parameter PLL0_CFG bound to: 27'b000000111110000001111011100 
	Parameter PLL0_DMON_CFG bound to: 1'b0 
	Parameter PLL0_FBDIV bound to: 2 - type: integer 
	Parameter PLL0_FBDIV_45 bound to: 5 - type: integer 
	Parameter PLL0_INIT_CFG bound to: 24'b000000000000000000011110 
	Parameter PLL0_LOCK_CFG bound to: 9'b111101000 
	Parameter PLL0_REFCLK_DIV bound to: 1 - type: integer 
	Parameter PLL1_CFG bound to: 27'b000000111110000001111011100 
	Parameter PLL1_DMON_CFG bound to: 1'b0 
	Parameter PLL1_FBDIV bound to: 1 - type: integer 
	Parameter PLL1_FBDIV_45 bound to: 4 - type: integer 
	Parameter PLL1_INIT_CFG bound to: 24'b000000000000000000011110 
	Parameter PLL1_LOCK_CFG bound to: 9'b111101000 
	Parameter PLL1_REFCLK_DIV bound to: 1 - type: integer 
	Parameter PLL_CLKOUT_CFG bound to: 8'b00000000 
	Parameter RSVD_ATTR0 bound to: 16'b0000000000000000 
	Parameter RSVD_ATTR1 bound to: 16'b0000000000000000 
	Parameter SIM_PLL0REFCLK_SEL bound to: 3'b001 
	Parameter SIM_PLL1REFCLK_SEL bound to: 3'b001 
	Parameter SIM_RESET_SPEEDUP bound to: FALSE - type: string 
	Parameter SIM_VERSION bound to: 2.0 - type: string 
INFO: [Synth 8-6155] done synthesizing module 'GTPE2_COMMON' (8#1) [C:/Xilinx/Vivado/2020.2/scripts/rt/data/unisim_comp.v:20679]
INFO: [Synth 8-6155] done synthesizing module 'felix_gtp0_common' (9#1) [c:/Users/HP/Desktop/loopback_2nd_v/loopback_2nd_v.srcs/sources_1/ip/felix_gtp0/felix_gtp0_common.v:69]
INFO: [Synth 8-6157] synthesizing module 'felix_gtp0_common_reset' [c:/Users/HP/Desktop/loopback_2nd_v/loopback_2nd_v.srcs/sources_1/ip/felix_gtp0/felix_gtp0_common_reset.v:74]
	Parameter STABLE_CLOCK_PERIOD bound to: 16 - type: integer 
	Parameter STARTUP_DELAY bound to: 500 - type: integer 
	Parameter WAIT_CYCLES bound to: 31 - type: integer 
	Parameter WAIT_MAX bound to: 41 - type: integer 
	Parameter INIT bound to: 1'b0 
	Parameter ASSERT_COMMON_RESET bound to: 1'b1 
INFO: [Synth 8-226] default block is never used [c:/Users/HP/Desktop/loopback_2nd_v/loopback_2nd_v.srcs/sources_1/ip/felix_gtp0/felix_gtp0_common_reset.v:121]
INFO: [Synth 8-6155] done synthesizing module 'felix_gtp0_common_reset' (10#1) [c:/Users/HP/Desktop/loopback_2nd_v/loopback_2nd_v.srcs/sources_1/ip/felix_gtp0/felix_gtp0_common_reset.v:74]
INFO: [Synth 8-6157] synthesizing module 'felix_gtp0_init' [c:/Users/HP/Desktop/loopback_2nd_v/loopback_2nd_v.srcs/sources_1/ip/felix_gtp0/felix_gtp0_init.v:71]
	Parameter EXAMPLE_SIM_GTRESET_SPEEDUP bound to: FALSE - type: string 
	Parameter EXAMPLE_SIMULATION bound to: 0 - type: integer 
	Parameter STABLE_CLOCK_PERIOD bound to: 16 - type: integer 
	Parameter EXAMPLE_USE_CHIPSCOPE bound to: 0 - type: integer 
	Parameter RX_CDRLOCK_TIME bound to: 20792.268603 - type: double 
	Parameter WAIT_TIME_CDRLOCK bound to: 1300 - type: integer 
INFO: [Synth 8-6157] synthesizing module 'felix_gtp0_multi_gt' [c:/Users/HP/Desktop/loopback_2nd_v/loopback_2nd_v.srcs/sources_1/ip/felix_gtp0/felix_gtp0_multi_gt.v:71]
	Parameter EXAMPLE_SIMULATION bound to: 0 - type: integer 
	Parameter WRAPPER_SIM_GTRESET_SPEEDUP bound to: FALSE - type: string 
	Parameter PLL0_FBDIV_IN bound to: 2 - type: integer 
	Parameter PLL1_FBDIV_IN bound to: 1 - type: integer 
	Parameter PLL0_FBDIV_45_IN bound to: 5 - type: integer 
	Parameter PLL1_FBDIV_45_IN bound to: 4 - type: integer 
	Parameter PLL0_REFCLK_DIV_IN bound to: 1 - type: integer 
	Parameter PLL1_REFCLK_DIV_IN bound to: 1 - type: integer 
INFO: [Synth 8-6157] synthesizing module 'felix_gtp0_GT' [c:/Users/HP/Desktop/loopback_2nd_v/loopback_2nd_v.srcs/sources_1/ip/felix_gtp0/felix_gtp0_gt.v:71]
	Parameter GT_SIM_GTRESET_SPEEDUP bound to: FALSE - type: string 
	Parameter EXAMPLE_SIMULATION bound to: 0 - type: integer 
	Parameter TXSYNC_OVRD_IN bound to: 1'b0 
	Parameter TXSYNC_MULTILANE_IN bound to: 1'b0 
INFO: [Synth 8-6157] synthesizing module 'GTPE2_CHANNEL' [C:/Xilinx/Vivado/2020.2/scripts/rt/data/unisim_comp.v:19977]
	Parameter ACJTAG_DEBUG_MODE bound to: 1'b0 
	Parameter ACJTAG_MODE bound to: 1'b0 
	Parameter ACJTAG_RESET bound to: 1'b0 
	Parameter ADAPT_CFG0 bound to: 20'b00000000000000000000 
	Parameter ALIGN_COMMA_DOUBLE bound to: FALSE - type: string 
	Parameter ALIGN_COMMA_ENABLE bound to: 10'b1111111111 
	Parameter ALIGN_COMMA_WORD bound to: 2 - type: integer 
	Parameter ALIGN_MCOMMA_DET bound to: TRUE - type: string 
	Parameter ALIGN_MCOMMA_VALUE bound to: 10'b1010000011 
	Parameter ALIGN_PCOMMA_DET bound to: TRUE - type: string 
	Parameter ALIGN_PCOMMA_VALUE bound to: 10'b0101111100 
	Parameter CBCC_DATA_SOURCE_SEL bound to: DECODED - type: string 
	Parameter CFOK_CFG bound to: 43'b1001001000000000000000001000000111010000000 
	Parameter CFOK_CFG2 bound to: 7'b0100000 
	Parameter CFOK_CFG3 bound to: 7'b0100000 
	Parameter CFOK_CFG4 bound to: 1'b0 
	Parameter CFOK_CFG5 bound to: 2'b00 
	Parameter CFOK_CFG6 bound to: 4'b0000 
	Parameter CHAN_BOND_KEEP_ALIGN bound to: FALSE - type: string 
	Parameter CHAN_BOND_MAX_SKEW bound to: 1 - type: integer 
	Parameter CHAN_BOND_SEQ_1_1 bound to: 10'b0000000000 
	Parameter CHAN_BOND_SEQ_1_2 bound to: 10'b0000000000 
	Parameter CHAN_BOND_SEQ_1_3 bound to: 10'b0000000000 
	Parameter CHAN_BOND_SEQ_1_4 bound to: 10'b0000000000 
	Parameter CHAN_BOND_SEQ_1_ENABLE bound to: 4'b1111 
	Parameter CHAN_BOND_SEQ_2_1 bound to: 10'b0000000000 
	Parameter CHAN_BOND_SEQ_2_2 bound to: 10'b0000000000 
	Parameter CHAN_BOND_SEQ_2_3 bound to: 10'b0000000000 
	Parameter CHAN_BOND_SEQ_2_4 bound to: 10'b0000000000 
	Parameter CHAN_BOND_SEQ_2_ENABLE bound to: 4'b1111 
	Parameter CHAN_BOND_SEQ_2_USE bound to: FALSE - type: string 
	Parameter CHAN_BOND_SEQ_LEN bound to: 1 - type: integer 
	Parameter CLK_COMMON_SWING bound to: 1'b0 
	Parameter CLK_CORRECT_USE bound to: FALSE - type: string 
	Parameter CLK_COR_KEEP_IDLE bound to: FALSE - type: string 
	Parameter CLK_COR_MAX_LAT bound to: 10 - type: integer 
	Parameter CLK_COR_MIN_LAT bound to: 8 - type: integer 
	Parameter CLK_COR_PRECEDENCE bound to: TRUE - type: string 
	Parameter CLK_COR_REPEAT_WAIT bound to: 0 - type: integer 
	Parameter CLK_COR_SEQ_1_1 bound to: 10'b0100000000 
	Parameter CLK_COR_SEQ_1_2 bound to: 10'b0000000000 
	Parameter CLK_COR_SEQ_1_3 bound to: 10'b0000000000 
	Parameter CLK_COR_SEQ_1_4 bound to: 10'b0000000000 
	Parameter CLK_COR_SEQ_1_ENABLE bound to: 4'b1111 
	Parameter CLK_COR_SEQ_2_1 bound to: 10'b0100000000 
	Parameter CLK_COR_SEQ_2_2 bound to: 10'b0000000000 
	Parameter CLK_COR_SEQ_2_3 bound to: 10'b0000000000 
	Parameter CLK_COR_SEQ_2_4 bound to: 10'b0000000000 
	Parameter CLK_COR_SEQ_2_ENABLE bound to: 4'b1111 
	Parameter CLK_COR_SEQ_2_USE bound to: FALSE - type: string 
	Parameter CLK_COR_SEQ_LEN bound to: 1 - type: integer 
	Parameter DEC_MCOMMA_DETECT bound to: TRUE - type: string 
	Parameter DEC_PCOMMA_DETECT bound to: TRUE - type: string 
	Parameter DEC_VALID_COMMA_ONLY bound to: FALSE - type: string 
	Parameter DMONITOR_CFG bound to: 24'b000000000000101000000000 
	Parameter ES_CLK_PHASE_SEL bound to: 1'b0 
	Parameter ES_CONTROL bound to: 6'b000000 
	Parameter ES_ERRDET_EN bound to: FALSE - type: string 
	Parameter ES_EYE_SCAN_EN bound to: FALSE - type: string 
	Parameter ES_HORZ_OFFSET bound to: 12'b000000010000 
	Parameter ES_PMA_CFG bound to: 10'b0000000000 
	Parameter ES_PRESCALE bound to: 5'b00000 
	Parameter ES_QUALIFIER bound to: 80'b00000000000000000000000000000000000000000000000000000000000000000000000000000000 
	Parameter ES_QUAL_MASK bound to: 80'b00000000000000000000000000000000000000000000000000000000000000000000000000000000 
	Parameter ES_SDATA_MASK bound to: 80'b00000000000000000000000000000000000000000000000000000000000000000000000000000000 
	Parameter ES_VERT_OFFSET bound to: 9'b000000000 
	Parameter FTS_DESKEW_SEQ_ENABLE bound to: 4'b1111 
	Parameter FTS_LANE_DESKEW_CFG bound to: 4'b1111 
	Parameter FTS_LANE_DESKEW_EN bound to: FALSE - type: string 
	Parameter GEARBOX_MODE bound to: 3'b000 
	Parameter IS_CLKRSVD0_INVERTED bound to: 1'b0 
	Parameter IS_CLKRSVD1_INVERTED bound to: 1'b0 
	Parameter IS_DMONITORCLK_INVERTED bound to: 1'b0 
	Parameter IS_DRPCLK_INVERTED bound to: 1'b0 
	Parameter IS_RXUSRCLK2_INVERTED bound to: 1'b0 
	Parameter IS_RXUSRCLK_INVERTED bound to: 1'b0 
	Parameter IS_SIGVALIDCLK_INVERTED bound to: 1'b0 
	Parameter IS_TXPHDLYTSTCLK_INVERTED bound to: 1'b0 
	Parameter IS_TXUSRCLK2_INVERTED bound to: 1'b0 
	Parameter IS_TXUSRCLK_INVERTED bound to: 1'b0 
	Parameter LOOPBACK_CFG bound to: 1'b0 
	Parameter OUTREFCLK_SEL_INV bound to: 2'b11 
	Parameter PCS_PCIE_EN bound to: FALSE - type: string 
	Parameter PCS_RSVD_ATTR bound to: 48'b000000000000000000000000000000000000000000000000 
	Parameter PD_TRANS_TIME_FROM_P2 bound to: 12'b000000111100 
	Parameter PD_TRANS_TIME_NONE_P2 bound to: 8'b00111100 
	Parameter PD_TRANS_TIME_TO_P2 bound to: 8'b01100100 
	Parameter PMA_LOOPBACK_CFG bound to: 1'b0 
	Parameter PMA_RSV bound to: 819 - type: integer 
	Parameter PMA_RSV2 bound to: 8256 - type: integer 
	Parameter PMA_RSV3 bound to: 2'b00 
	Parameter PMA_RSV4 bound to: 4'b0000 
	Parameter PMA_RSV5 bound to: 1'b0 
	Parameter PMA_RSV6 bound to: 1'b0 
	Parameter PMA_RSV7 bound to: 1'b0 
	Parameter RXBUFRESET_TIME bound to: 5'b00001 
	Parameter RXBUF_ADDR_MODE bound to: FAST - type: string 
	Parameter RXBUF_EIDLE_HI_CNT bound to: 4'b1000 
	Parameter RXBUF_EIDLE_LO_CNT bound to: 4'b0000 
	Parameter RXBUF_EN bound to: TRUE - type: string 
	Parameter RXBUF_RESET_ON_CB_CHANGE bound to: TRUE - type: string 
	Parameter RXBUF_RESET_ON_COMMAALIGN bound to: FALSE - type: string 
	Parameter RXBUF_RESET_ON_EIDLE bound to: FALSE - type: string 
	Parameter RXBUF_RESET_ON_RATE_CHANGE bound to: TRUE - type: string 
	Parameter RXBUF_THRESH_OVFLW bound to: 61 - type: integer 
	Parameter RXBUF_THRESH_OVRD bound to: FALSE - type: string 
	Parameter RXBUF_THRESH_UNDFLW bound to: 4 - type: integer 
	Parameter RXCDRFREQRESET_TIME bound to: 5'b00001 
	Parameter RXCDRPHRESET_TIME bound to: 5'b00001 
	Parameter RXCDR_CFG bound to: 83'b00000000000000000010000011111111110010000000110000000000001000001000001000000010000 
	Parameter RXCDR_FR_RESET_ON_EIDLE bound to: 1'b0 
	Parameter RXCDR_HOLD_DURING_EIDLE bound to: 1'b0 
	Parameter RXCDR_LOCK_CFG bound to: 6'b001001 
	Parameter RXCDR_PH_RESET_ON_EIDLE bound to: 1'b0 
	Parameter RXDLY_CFG bound to: 16'b0000000000011111 
	Parameter RXDLY_LCFG bound to: 9'b000110000 
	Parameter RXDLY_TAP_CFG bound to: 16'b0000000000000000 
	Parameter RXGEARBOX_EN bound to: FALSE - type: string 
	Parameter RXISCANRESET_TIME bound to: 5'b00001 
	Parameter RXLPMRESET_TIME bound to: 7'b0001111 
	Parameter RXLPM_BIAS_STARTUP_DISABLE bound to: 1'b0 
	Parameter RXLPM_CFG bound to: 4'b0110 
	Parameter RXLPM_CFG1 bound to: 1'b0 
	Parameter RXLPM_CM_CFG bound to: 1'b0 
	Parameter RXLPM_GC_CFG bound to: 9'b111100010 
	Parameter RXLPM_GC_CFG2 bound to: 3'b001 
	Parameter RXLPM_HF_CFG bound to: 14'b00001111110000 
	Parameter RXLPM_HF_CFG2 bound to: 5'b01010 
	Parameter RXLPM_HF_CFG3 bound to: 4'b0000 
	Parameter RXLPM_HOLD_DURING_EIDLE bound to: 1'b0 
	Parameter RXLPM_INCM_CFG bound to: 1'b0 
	Parameter RXLPM_IPCM_CFG bound to: 1'b1 
	Parameter RXLPM_LF_CFG bound to: 18'b000000001111110000 
	Parameter RXLPM_LF_CFG2 bound to: 5'b01010 
	Parameter RXLPM_OSINT_CFG bound to: 3'b100 
	Parameter RXOOB_CFG bound to: 7'b0000110 
	Parameter RXOOB_CLK_CFG bound to: PMA - type: string 
	Parameter RXOSCALRESET_TIME bound to: 5'b00011 
	Parameter RXOSCALRESET_TIMEOUT bound to: 5'b00000 
	Parameter RXOUT_DIV bound to: 1 - type: integer 
	Parameter RXPCSRESET_TIME bound to: 5'b00001 
	Parameter RXPHDLY_CFG bound to: 24'b000010000100000000100000 
	Parameter RXPH_CFG bound to: 24'b110000000000000000000010 
	Parameter RXPH_MONITOR_SEL bound to: 5'b00000 
	Parameter RXPI_CFG0 bound to: 3'b000 
	Parameter RXPI_CFG1 bound to: 1'b1 
	Parameter RXPI_CFG2 bound to: 1'b1 
	Parameter RXPMARESET_TIME bound to: 5'b00011 
	Parameter RXPRBS_ERR_LOOPBACK bound to: 1'b0 
	Parameter RXSLIDE_AUTO_WAIT bound to: 7 - type: integer 
	Parameter RXSLIDE_MODE bound to: OFF - type: string 
	Parameter RXSYNC_MULTILANE bound to: 1'b1 
	Parameter RXSYNC_OVRD bound to: 1'b0 
	Parameter RXSYNC_SKIP_DA bound to: 1'b0 
	Parameter RX_BIAS_CFG bound to: 16'b0000111100110011 
	Parameter RX_BUFFER_CFG bound to: 6'b000000 
	Parameter RX_CLK25_DIV bound to: 10 - type: integer 
	Parameter RX_CLKMUX_EN bound to: 1'b1 
	Parameter RX_CM_SEL bound to: 2'b01 
	Parameter RX_CM_TRIM bound to: 4'b0000 
	Parameter RX_DATA_WIDTH bound to: 40 - type: integer 
	Parameter RX_DDI_SEL bound to: 6'b000000 
	Parameter RX_DEBUG_CFG bound to: 14'b00000000000000 
	Parameter RX_DEFER_RESET_BUF_EN bound to: TRUE - type: string 
	Parameter RX_DISPERR_SEQ_MATCH bound to: TRUE - type: string 
	Parameter RX_OS_CFG bound to: 13'b0000010000000 
	Parameter RX_SIG_VALID_DLY bound to: 10 - type: integer 
	Parameter RX_XCLK_SEL bound to: RXREC - type: string 
	Parameter SAS_MAX_COM bound to: 64 - type: integer 
	Parameter SAS_MIN_COM bound to: 36 - type: integer 
	Parameter SATA_BURST_SEQ_LEN bound to: 4'b0101 
	Parameter SATA_BURST_VAL bound to: 3'b100 
	Parameter SATA_EIDLE_VAL bound to: 3'b100 
	Parameter SATA_MAX_BURST bound to: 8 - type: integer 
	Parameter SATA_MAX_INIT bound to: 21 - type: integer 
	Parameter SATA_MAX_WAKE bound to: 7 - type: integer 
	Parameter SATA_MIN_BURST bound to: 4 - type: integer 
	Parameter SATA_MIN_INIT bound to: 12 - type: integer 
	Parameter SATA_MIN_WAKE bound to: 4 - type: integer 
	Parameter SATA_PLL_CFG bound to: VCO_3000MHZ - type: string 
	Parameter SHOW_REALIGN_COMMA bound to: TRUE - type: string 
	Parameter SIM_RECEIVER_DETECT_PASS bound to: TRUE - type: string 
	Parameter SIM_RESET_SPEEDUP bound to: FALSE - type: string 
	Parameter SIM_TX_EIDLE_DRIVE_LEVEL bound to: X - type: string 
	Parameter SIM_VERSION bound to: 2.0 - type: string 
	Parameter TERM_RCAL_CFG bound to: 15'b100001000010000 
	Parameter TERM_RCAL_OVRD bound to: 3'b000 
	Parameter TRANS_TIME_RATE bound to: 8'b00001110 
	Parameter TST_RSV bound to: 0 - type: integer 
	Parameter TXBUF_EN bound to: TRUE - type: string 
	Parameter TXBUF_RESET_ON_RATE_CHANGE bound to: TRUE - type: string 
	Parameter TXDLY_CFG bound to: 16'b0000000000011111 
	Parameter TXDLY_LCFG bound to: 9'b000110000 
	Parameter TXDLY_TAP_CFG bound to: 16'b0000000000000000 
	Parameter TXGEARBOX_EN bound to: FALSE - type: string 
	Parameter TXOOB_CFG bound to: 1'b0 
	Parameter TXOUT_DIV bound to: 1 - type: integer 
	Parameter TXPCSRESET_TIME bound to: 5'b00001 
	Parameter TXPHDLY_CFG bound to: 24'b000010000100000000100000 
	Parameter TXPH_CFG bound to: 16'b0000011110000000 
	Parameter TXPH_MONITOR_SEL bound to: 5'b00000 
	Parameter TXPI_CFG0 bound to: 2'b00 
	Parameter TXPI_CFG1 bound to: 2'b00 
	Parameter TXPI_CFG2 bound to: 2'b00 
	Parameter TXPI_CFG3 bound to: 1'b0 
	Parameter TXPI_CFG4 bound to: 1'b0 
	Parameter TXPI_CFG5 bound to: 3'b000 
	Parameter TXPI_GREY_SEL bound to: 1'b0 
	Parameter TXPI_INVSTROBE_SEL bound to: 1'b0 
	Parameter TXPI_PPMCLK_SEL bound to: TXUSRCLK2 - type: string 
	Parameter TXPI_PPM_CFG bound to: 8'b00000000 
	Parameter TXPI_SYNFREQ_PPM bound to: 3'b001 
	Parameter TXPMARESET_TIME bound to: 5'b00001 
	Parameter TXSYNC_MULTILANE bound to: 1'b0 
	Parameter TXSYNC_OVRD bound to: 1'b0 
	Parameter TXSYNC_SKIP_DA bound to: 1'b0 
	Parameter TX_CLK25_DIV bound to: 10 - type: integer 
	Parameter TX_CLKMUX_EN bound to: 1'b1 
	Parameter TX_DATA_WIDTH bound to: 40 - type: integer 
	Parameter TX_DEEMPH0 bound to: 6'b000000 
	Parameter TX_DEEMPH1 bound to: 6'b000000 
	Parameter TX_DRIVE_MODE bound to: DIRECT - type: string 
	Parameter TX_EIDLE_ASSERT_DELAY bound to: 3'b110 
	Parameter TX_EIDLE_DEASSERT_DELAY bound to: 3'b100 
	Parameter TX_LOOPBACK_DRIVE_HIZ bound to: FALSE - type: string 
	Parameter TX_MAINCURSOR_SEL bound to: 1'b0 
	Parameter TX_MARGIN_FULL_0 bound to: 7'b1001110 
	Parameter TX_MARGIN_FULL_1 bound to: 7'b1001001 
	Parameter TX_MARGIN_FULL_2 bound to: 7'b1000101 
	Parameter TX_MARGIN_FULL_3 bound to: 7'b1000010 
	Parameter TX_MARGIN_FULL_4 bound to: 7'b1000000 
	Parameter TX_MARGIN_LOW_0 bound to: 7'b1000110 
	Parameter TX_MARGIN_LOW_1 bound to: 7'b1000100 
	Parameter TX_MARGIN_LOW_2 bound to: 7'b1000010 
	Parameter TX_MARGIN_LOW_3 bound to: 7'b1000000 
	Parameter TX_MARGIN_LOW_4 bound to: 7'b1000000 
	Parameter TX_PREDRIVER_MODE bound to: 1'b0 
	Parameter TX_RXDETECT_CFG bound to: 14'b01100000110010 
	Parameter TX_RXDETECT_REF bound to: 3'b100 
	Parameter TX_XCLK_SEL bound to: TXOUT - type: string 
	Parameter UCODEER_CLR bound to: 1'b0 
	Parameter USE_PCS_CLK_PHASE_SEL bound to: 1'b0 
INFO: [Synth 8-6155] done synthesizing module 'GTPE2_CHANNEL' (11#1) [C:/Xilinx/Vivado/2020.2/scripts/rt/data/unisim_comp.v:19977]
INFO: [Synth 8-6157] synthesizing module 'felix_gtp0_gtrxreset_seq' [c:/Users/HP/Desktop/loopback_2nd_v/loopback_2nd_v.srcs/sources_1/ip/felix_gtp0/felix_gtp0/example_design/felix_gtp0_gtrxreset_seq.v:72]
	Parameter idle bound to: 3'b000 
	Parameter drp_rd bound to: 3'b001 
	Parameter wait_rd_data bound to: 3'b010 
	Parameter wr_16 bound to: 3'b011 
	Parameter wait_wr_done1 bound to: 3'b100 
	Parameter wait_pmareset bound to: 3'b101 
	Parameter wr_20 bound to: 3'b110 
	Parameter wait_wr_done2 bound to: 3'b111 
INFO: [Synth 8-6157] synthesizing module 'felix_gtp0_sync_block' [c:/Users/HP/Desktop/loopback_2nd_v/loopback_2nd_v.srcs/sources_1/ip/felix_gtp0/felix_gtp0/example_design/felix_gtp0_sync_block.v:78]
	Parameter INITIALISE bound to: 6'b000000 
INFO: [Synth 8-6157] synthesizing module 'FD' [C:/Xilinx/Vivado/2020.2/scripts/rt/data/unisim_comp.v:13483]
	Parameter INIT bound to: 1'b0 
INFO: [Synth 8-6155] done synthesizing module 'FD' (12#1) [C:/Xilinx/Vivado/2020.2/scripts/rt/data/unisim_comp.v:13483]
INFO: [Synth 8-6155] done synthesizing module 'felix_gtp0_sync_block' (13#1) [c:/Users/HP/Desktop/loopback_2nd_v/loopback_2nd_v.srcs/sources_1/ip/felix_gtp0/felix_gtp0/example_design/felix_gtp0_sync_block.v:78]
INFO: [Synth 8-226] default block is never used [c:/Users/HP/Desktop/loopback_2nd_v/loopback_2nd_v.srcs/sources_1/ip/felix_gtp0/felix_gtp0/example_design/felix_gtp0_gtrxreset_seq.v:179]
INFO: [Synth 8-226] default block is never used [c:/Users/HP/Desktop/loopback_2nd_v/loopback_2nd_v.srcs/sources_1/ip/felix_gtp0/felix_gtp0/example_design/felix_gtp0_gtrxreset_seq.v:240]
INFO: [Synth 8-6155] done synthesizing module 'felix_gtp0_gtrxreset_seq' (14#1) [c:/Users/HP/Desktop/loopback_2nd_v/loopback_2nd_v.srcs/sources_1/ip/felix_gtp0/felix_gtp0/example_design/felix_gtp0_gtrxreset_seq.v:72]
INFO: [Synth 8-6155] done synthesizing module 'felix_gtp0_GT' (15#1) [c:/Users/HP/Desktop/loopback_2nd_v/loopback_2nd_v.srcs/sources_1/ip/felix_gtp0/felix_gtp0_gt.v:71]
INFO: [Synth 8-6155] done synthesizing module 'felix_gtp0_multi_gt' (16#1) [c:/Users/HP/Desktop/loopback_2nd_v/loopback_2nd_v.srcs/sources_1/ip/felix_gtp0/felix_gtp0_multi_gt.v:71]
INFO: [Synth 8-6157] synthesizing module 'felix_gtp0_TX_STARTUP_FSM' [c:/Users/HP/Desktop/loopback_2nd_v/loopback_2nd_v.srcs/sources_1/ip/felix_gtp0/felix_gtp0/example_design/felix_gtp0_tx_startup_fsm.v:94]
	Parameter STABLE_CLOCK_PERIOD bound to: 16 - type: integer 
	Parameter RETRY_COUNTER_BITWIDTH bound to: 8 - type: integer 
	Parameter EXAMPLE_SIMULATION bound to: 0 - type: integer 
	Parameter TX_PLL0_USED bound to: TRUE - type: string 
	Parameter RX_PLL0_USED bound to: TRUE - type: string 
	Parameter PHASE_ALIGNMENT_MANUAL bound to: FALSE - type: string 
	Parameter INIT bound to: 4'b0000 
	Parameter ASSERT_ALL_RESETS bound to: 4'b0001 
	Parameter WAIT_FOR_PLL_LOCK bound to: 4'b0010 
	Parameter RELEASE_PLL_RESET bound to: 4'b0011 
	Parameter WAIT_FOR_TXOUTCLK bound to: 4'b0100 
	Parameter RELEASE_MMCM_RESET bound to: 4'b0101 
	Parameter WAIT_FOR_TXUSRCLK bound to: 4'b0110 
	Parameter WAIT_RESET_DONE bound to: 4'b0111 
	Parameter DO_PHASE_ALIGNMENT bound to: 4'b1000 
	Parameter RESET_FSM_DONE bound to: 4'b1001 
	Parameter MMCM_LOCK_CNT_MAX bound to: 256 - type: integer 
	Parameter STARTUP_DELAY bound to: 500 - type: integer 
	Parameter WAIT_CYCLES bound to: 31 - type: integer 
	Parameter WAIT_MAX bound to: 41 - type: integer 
	Parameter WAIT_TIMEOUT_2ms bound to: 125000 - type: integer 
	Parameter WAIT_TLOCK_MAX bound to: 6250 - type: integer 
	Parameter WAIT_TIMEOUT_500us bound to: 31250 - type: integer 
	Parameter WAIT_1us_CYCLES bound to: 62 - type: integer 
	Parameter WAIT_1us bound to: 72 - type: integer 
	Parameter WAIT_TIME_MAX bound to: 625 - type: integer 
	Parameter PORT_WIDTH bound to: 17 - type: integer 
	Parameter MAX_RETRIES bound to: 255 - type: integer 
	Parameter MAX_WAIT_BYPASS bound to: 50688 - type: integer 
INFO: [Synth 8-6155] done synthesizing module 'felix_gtp0_TX_STARTUP_FSM' (17#1) [c:/Users/HP/Desktop/loopback_2nd_v/loopback_2nd_v.srcs/sources_1/ip/felix_gtp0/felix_gtp0/example_design/felix_gtp0_tx_startup_fsm.v:94]
INFO: [Synth 8-6157] synthesizing module 'felix_gtp0_RX_STARTUP_FSM' [c:/Users/HP/Desktop/loopback_2nd_v/loopback_2nd_v.srcs/sources_1/ip/felix_gtp0/felix_gtp0/example_design/felix_gtp0_rx_startup_fsm.v:94]
	Parameter EXAMPLE_SIMULATION bound to: 0 - type: integer 
	Parameter STABLE_CLOCK_PERIOD bound to: 16 - type: integer 
	Parameter RETRY_COUNTER_BITWIDTH bound to: 8 - type: integer 
	Parameter TX_PLL0_USED bound to: TRUE - type: string 
	Parameter RX_PLL0_USED bound to: TRUE - type: string 
	Parameter PHASE_ALIGNMENT_MANUAL bound to: FALSE - type: string 
	Parameter INIT bound to: 4'b0000 
	Parameter ASSERT_ALL_RESETS bound to: 4'b0001 
	Parameter WAIT_FOR_PLL_LOCK bound to: 4'b0010 
	Parameter RELEASE_PLL_RESET bound to: 4'b0011 
	Parameter VERIFY_RECCLK_STABLE bound to: 4'b0100 
	Parameter RELEASE_MMCM_RESET bound to: 4'b0101 
	Parameter WAIT_FOR_RXUSRCLK bound to: 4'b0110 
	Parameter WAIT_RESET_DONE bound to: 4'b0111 
	Parameter DO_PHASE_ALIGNMENT bound to: 4'b1000 
	Parameter MONITOR_DATA_VALID bound to: 4'b1001 
	Parameter FSM_DONE bound to: 4'b1010 
	Parameter MMCM_LOCK_CNT_MAX bound to: 256 - type: integer 
	Parameter STARTUP_DELAY bound to: 500 - type: integer 
	Parameter WAIT_CYCLES bound to: 31 - type: integer 
	Parameter WAIT_MAX bound to: 41 - type: integer 
	Parameter WAIT_TIMEOUT_2ms bound to: 187500 - type: integer 
	Parameter WAIT_TLOCK_MAX bound to: 6250 - type: integer 
	Parameter WAIT_TIMEOUT_500us bound to: 31250 - type: integer 
	Parameter WAIT_TIMEOUT_1us bound to: 62 - type: integer 
	Parameter WAIT_TIMEOUT_100us bound to: 6250 - type: integer 
	Parameter WAIT_TIME_ADAPT bound to: 480821 - type: integer 
	Parameter WAIT_TIME_MAX bound to: 625 - type: integer 
	Parameter PORT_WIDTH bound to: 18 - type: integer 
	Parameter MAX_RETRIES bound to: 255 - type: integer 
	Parameter MAX_WAIT_BYPASS bound to: 5000 - type: integer 
INFO: [Synth 8-6157] synthesizing module 'FDP' [C:/Xilinx/Vivado/2020.2/scripts/rt/data/unisim_comp.v:13651]
	Parameter INIT bound to: 1'b0 
INFO: [Synth 8-6155] done synthesizing module 'FDP' (18#1) [C:/Xilinx/Vivado/2020.2/scripts/rt/data/unisim_comp.v:13651]
INFO: [Synth 8-6155] done synthesizing module 'felix_gtp0_RX_STARTUP_FSM' (19#1) [c:/Users/HP/Desktop/loopback_2nd_v/loopback_2nd_v.srcs/sources_1/ip/felix_gtp0/felix_gtp0/example_design/felix_gtp0_rx_startup_fsm.v:94]
INFO: [Synth 8-6155] done synthesizing module 'felix_gtp0_init' (20#1) [c:/Users/HP/Desktop/loopback_2nd_v/loopback_2nd_v.srcs/sources_1/ip/felix_gtp0/felix_gtp0_init.v:71]
INFO: [Synth 8-6155] done synthesizing module 'felix_gtp0_support' (21#1) [c:/Users/HP/Desktop/loopback_2nd_v/loopback_2nd_v.srcs/sources_1/ip/felix_gtp0/felix_gtp0_support.v:70]
INFO: [Synth 8-6155] done synthesizing module 'felix_gtp0' (22#1) [c:/Users/HP/Desktop/loopback_2nd_v/loopback_2nd_v.srcs/sources_1/ip/felix_gtp0/felix_gtp0.v:72]
---------------------------------------------------------------------------------
Finished RTL Elaboration : Time (s): cpu = 00:00:17 ; elapsed = 00:00:19 . Memory (MB): peak = 1231.270 ; gain = 144.305
---------------------------------------------------------------------------------
---------------------------------------------------------------------------------
Start Handling Custom Attributes
---------------------------------------------------------------------------------
---------------------------------------------------------------------------------
Finished Handling Custom Attributes : Time (s): cpu = 00:00:18 ; elapsed = 00:00:21 . Memory (MB): peak = 1231.270 ; gain = 144.305
---------------------------------------------------------------------------------
---------------------------------------------------------------------------------
Finished RTL Optimization Phase 1 : Time (s): cpu = 00:00:18 ; elapsed = 00:00:21 . Memory (MB): peak = 1231.270 ; gain = 144.305
---------------------------------------------------------------------------------
Netlist sorting complete. Time (s): cpu = 00:00:00 ; elapsed = 00:00:00.113 . Memory (MB): peak = 1231.270 ; gain = 0.000
INFO: [Netlist 29-17] Analyzing 246 Unisim elements for replacement
INFO: [Netlist 29-28] Unisim Transformation completed in 0 CPU seconds
INFO: [Project 1-570] Preparing netlist for logic optimization

Processing XDC Constraints
Initializing timing engine
Parsing XDC File [c:/Users/HP/Desktop/loopback_2nd_v/loopback_2nd_v.srcs/sources_1/ip/felix_gtp0/felix_gtp0_ooc.xdc] for cell 'inst'
Finished Parsing XDC File [c:/Users/HP/Desktop/loopback_2nd_v/loopback_2nd_v.srcs/sources_1/ip/felix_gtp0/felix_gtp0_ooc.xdc] for cell 'inst'
Parsing XDC File [c:/Users/HP/Desktop/loopback_2nd_v/loopback_2nd_v.srcs/sources_1/ip/felix_gtp0/felix_gtp0.xdc] for cell 'inst'
Finished Parsing XDC File [c:/Users/HP/Desktop/loopback_2nd_v/loopback_2nd_v.srcs/sources_1/ip/felix_gtp0/felix_gtp0.xdc] for cell 'inst'
Parsing XDC File [C:/Users/HP/Documents/DUNE at CERN/FM_Integration/FM_Integration.runs/felix_gtp0_synth_1/dont_touch.xdc]
Finished Parsing XDC File [C:/Users/HP/Documents/DUNE at CERN/FM_Integration/FM_Integration.runs/felix_gtp0_synth_1/dont_touch.xdc]
Completed Processing XDC Constraints

Netlist sorting complete. Time (s): cpu = 00:00:00 ; elapsed = 00:00:00.003 . Memory (MB): peak = 1338.219 ; gain = 0.000
INFO: [Project 1-111] Unisim Transformation Summary:
  A total of 244 instances were transformed.
  FD => FDRE: 240 instances
  FDP => FDPE: 4 instances

INFO: [Timing 38-2] Deriving generated clocks
Constraint Validation Runtime : Time (s): cpu = 00:00:01 ; elapsed = 00:00:00.236 . Memory (MB): peak = 1350.262 ; gain = 12.043
---------------------------------------------------------------------------------
Finished Constraint Validation : Time (s): cpu = 00:00:37 ; elapsed = 00:00:42 . Memory (MB): peak = 1350.262 ; gain = 263.297
---------------------------------------------------------------------------------
---------------------------------------------------------------------------------
Start Loading Part and Timing Information
---------------------------------------------------------------------------------
Loading part: xc7a200tfbg676-3
---------------------------------------------------------------------------------
Finished Loading Part and Timing Information : Time (s): cpu = 00:00:37 ; elapsed = 00:00:42 . Memory (MB): peak = 1350.262 ; gain = 263.297
---------------------------------------------------------------------------------
---------------------------------------------------------------------------------
Start Applying 'set_property' XDC Constraints
---------------------------------------------------------------------------------
Applied set_property KEEP_HIERARCHY = SOFT for inst. (constraint file  {C:/Users/HP/Documents/DUNE at CERN/FM_Integration/FM_Integration.runs/felix_gtp0_synth_1/dont_touch.xdc}, line 9).
---------------------------------------------------------------------------------
Finished applying 'set_property' XDC Constraints : Time (s): cpu = 00:00:37 ; elapsed = 00:00:42 . Memory (MB): peak = 1350.262 ; gain = 263.297
---------------------------------------------------------------------------------
INFO: [Synth 8-802] inferred FSM for state register 'state_reg' in module 'felix_gtp0_gtrxreset_seq'
INFO: [Synth 8-802] inferred FSM for state register 'tx_state_reg' in module 'felix_gtp0_TX_STARTUP_FSM'
INFO: [Synth 8-802] inferred FSM for state register 'rx_state_reg' in module 'felix_gtp0_RX_STARTUP_FSM'
---------------------------------------------------------------------------------------------------
                   State |                     New Encoding |                Previous Encoding 
---------------------------------------------------------------------------------------------------
                    idle |                         00000010 |                              000
                  drp_rd |                         10000000 |                              001
            wait_rd_data |                         01000000 |                              010
                   wr_16 |                         00100000 |                              011
           wait_wr_done1 |                         00010000 |                              100
           wait_pmareset |                         00001000 |                              101
                   wr_20 |                         00000100 |                              110
           wait_wr_done2 |                         00000001 |                              111
---------------------------------------------------------------------------------------------------
INFO: [Synth 8-3354] encoded FSM with state register 'state_reg' using encoding 'one-hot' in module 'felix_gtp0_gtrxreset_seq'
---------------------------------------------------------------------------------------------------
                   State |                     New Encoding |                Previous Encoding 
---------------------------------------------------------------------------------------------------
                    INIT |                             0000 |                             0000
       ASSERT_ALL_RESETS |                             0001 |                             0001
       WAIT_FOR_PLL_LOCK |                             0010 |                             0010
       RELEASE_PLL_RESET |                             0011 |                             0011
       WAIT_FOR_TXOUTCLK |                             0100 |                             0100
      RELEASE_MMCM_RESET |                             0101 |                             0101
       WAIT_FOR_TXUSRCLK |                             0110 |                             0110
         WAIT_RESET_DONE |                             0111 |                             0111
      DO_PHASE_ALIGNMENT |                             1000 |                             1000
          RESET_FSM_DONE |                             1001 |                             1001
---------------------------------------------------------------------------------------------------
INFO: [Synth 8-3354] encoded FSM with state register 'tx_state_reg' using encoding 'sequential' in module 'felix_gtp0_TX_STARTUP_FSM'
---------------------------------------------------------------------------------------------------
                   State |                     New Encoding |                Previous Encoding 
---------------------------------------------------------------------------------------------------
                    INIT |                             0000 |                             0000
       ASSERT_ALL_RESETS |                             0001 |                             0001
       WAIT_FOR_PLL_LOCK |                             0010 |                             0010
       RELEASE_PLL_RESET |                             0011 |                             0011
    VERIFY_RECCLK_STABLE |                             0100 |                             0100
      RELEASE_MMCM_RESET |                             0101 |                             0101
       WAIT_FOR_RXUSRCLK |                             0110 |                             0110
         WAIT_RESET_DONE |                             0111 |                             0111
      DO_PHASE_ALIGNMENT |                             1000 |                             1000
      MONITOR_DATA_VALID |                             1001 |                             1001
                FSM_DONE |                             1010 |                             1010
---------------------------------------------------------------------------------------------------
INFO: [Synth 8-3354] encoded FSM with state register 'rx_state_reg' using encoding 'sequential' in module 'felix_gtp0_RX_STARTUP_FSM'
---------------------------------------------------------------------------------
Finished RTL Optimization Phase 2 : Time (s): cpu = 00:00:40 ; elapsed = 00:00:46 . Memory (MB): peak = 1350.262 ; gain = 263.297
---------------------------------------------------------------------------------
---------------------------------------------------------------------------------
Start RTL Component Statistics 
---------------------------------------------------------------------------------
Detailed RTL Component Info : 
+---Adders : 
	   2 Input   32 Bit       Adders := 2     
	   2 Input    8 Bit       Adders := 13    
	   2 Input    2 Bit       Adders := 2     
+---Registers : 
	              128 Bit    Registers := 1     
	               96 Bit    Registers := 1     
	               32 Bit    Registers := 2     
	               16 Bit    Registers := 4     
	                8 Bit    Registers := 13    
	                2 Bit    Registers := 2     
	                1 Bit    Registers := 110   
+---Muxes : 
	   2 Input   32 Bit        Muxes := 2     
	   2 Input   16 Bit        Muxes := 4     
	   8 Input   16 Bit        Muxes := 2     
	   2 Input    9 Bit        Muxes := 2     
	   8 Input    8 Bit        Muxes := 2     
	   2 Input    8 Bit        Muxes := 14    
	  10 Input    4 Bit        Muxes := 2     
	   2 Input    4 Bit        Muxes := 20    
	  11 Input    4 Bit        Muxes := 2     
	   2 Input    2 Bit        Muxes := 2     
	   2 Input    1 Bit        Muxes := 56    
	   8 Input    1 Bit        Muxes := 8     
	  10 Input    1 Bit        Muxes := 34    
	  11 Input    1 Bit        Muxes := 38    
---------------------------------------------------------------------------------
Finished RTL Component Statistics 
---------------------------------------------------------------------------------
---------------------------------------------------------------------------------
Start Part Resource Summary
---------------------------------------------------------------------------------
Part Resources:
DSPs: 740 (col length:100)
BRAMs: 730 (col length: RAMB18 100 RAMB36 50)
---------------------------------------------------------------------------------
Finished Part Resource Summary
---------------------------------------------------------------------------------
---------------------------------------------------------------------------------
Start Cross Boundary and Area Optimization
---------------------------------------------------------------------------------
---------------------------------------------------------------------------------
Finished Cross Boundary and Area Optimization : Time (s): cpu = 00:00:52 ; elapsed = 00:01:00 . Memory (MB): peak = 1350.262 ; gain = 263.297
---------------------------------------------------------------------------------
---------------------------------------------------------------------------------
Start Applying XDC Timing Constraints
---------------------------------------------------------------------------------
---------------------------------------------------------------------------------
Finished Applying XDC Timing Constraints : Time (s): cpu = 00:01:09 ; elapsed = 00:01:19 . Memory (MB): peak = 1350.262 ; gain = 263.297
---------------------------------------------------------------------------------
---------------------------------------------------------------------------------
Start Timing Optimization
---------------------------------------------------------------------------------
---------------------------------------------------------------------------------
Finished Timing Optimization : Time (s): cpu = 00:01:10 ; elapsed = 00:01:20 . Memory (MB): peak = 1350.262 ; gain = 263.297
---------------------------------------------------------------------------------
---------------------------------------------------------------------------------
Start Technology Mapping
---------------------------------------------------------------------------------
---------------------------------------------------------------------------------
Finished Technology Mapping : Time (s): cpu = 00:01:11 ; elapsed = 00:01:21 . Memory (MB): peak = 1350.262 ; gain = 263.297
---------------------------------------------------------------------------------
---------------------------------------------------------------------------------
Start IO Insertion
---------------------------------------------------------------------------------
---------------------------------------------------------------------------------
Start Flattening Before IO Insertion
---------------------------------------------------------------------------------
---------------------------------------------------------------------------------
Finished Flattening Before IO Insertion
---------------------------------------------------------------------------------
---------------------------------------------------------------------------------
Start Final Netlist Cleanup
---------------------------------------------------------------------------------
---------------------------------------------------------------------------------
Finished Final Netlist Cleanup
---------------------------------------------------------------------------------
---------------------------------------------------------------------------------
Finished IO Insertion : Time (s): cpu = 00:01:23 ; elapsed = 00:01:34 . Memory (MB): peak = 1354.531 ; gain = 267.566
---------------------------------------------------------------------------------
---------------------------------------------------------------------------------
Start Renaming Generated Instances
---------------------------------------------------------------------------------
---------------------------------------------------------------------------------
Finished Renaming Generated Instances : Time (s): cpu = 00:01:23 ; elapsed = 00:01:34 . Memory (MB): peak = 1354.531 ; gain = 267.566
---------------------------------------------------------------------------------
---------------------------------------------------------------------------------
Start Rebuilding User Hierarchy
---------------------------------------------------------------------------------
---------------------------------------------------------------------------------
Finished Rebuilding User Hierarchy : Time (s): cpu = 00:01:23 ; elapsed = 00:01:35 . Memory (MB): peak = 1354.531 ; gain = 267.566
---------------------------------------------------------------------------------
---------------------------------------------------------------------------------
Start Renaming Generated Ports
---------------------------------------------------------------------------------
---------------------------------------------------------------------------------
Finished Renaming Generated Ports : Time (s): cpu = 00:01:23 ; elapsed = 00:01:35 . Memory (MB): peak = 1354.531 ; gain = 267.566
---------------------------------------------------------------------------------
---------------------------------------------------------------------------------
Start Handling Custom Attributes
---------------------------------------------------------------------------------
---------------------------------------------------------------------------------
Finished Handling Custom Attributes : Time (s): cpu = 00:01:23 ; elapsed = 00:01:35 . Memory (MB): peak = 1354.531 ; gain = 267.566
---------------------------------------------------------------------------------
---------------------------------------------------------------------------------
Start Renaming Generated Nets
---------------------------------------------------------------------------------
---------------------------------------------------------------------------------
Finished Renaming Generated Nets : Time (s): cpu = 00:01:23 ; elapsed = 00:01:35 . Memory (MB): peak = 1354.531 ; gain = 267.566
---------------------------------------------------------------------------------
---------------------------------------------------------------------------------
Start ROM, RAM, DSP, Shift Register and Retiming Reporting
---------------------------------------------------------------------------------

Static Shift Register Report:
+-------------------+------------------------------------------------------------+--------+-------+--------------+--------------------+-------------------+--------+---------+
|Module Name        | RTL Name                                                   | Length | Width | Reset Signal | Pull out first Reg | Pull out last Reg | SRL16E | SRLC32E | 
+-------------------+------------------------------------------------------------+--------+-------+--------------+--------------------+-------------------+--------+---------+
|felix_gtp0_support | cpll_railing_pll0_q0_clk0_refclk_i/cpllreset_wait_reg[127] | 128    | 1     | NO           | NO                 | YES               | 0      | 4       | 
|felix_gtp0_support | cpll_railing_pll0_q0_clk0_refclk_i/cpllpd_wait_reg[95]     | 96     | 1     | NO           | NO                 | YES               | 0      | 3       | 
+-------------------+------------------------------------------------------------+--------+-------+--------------+--------------------+-------------------+--------+---------+

---------------------------------------------------------------------------------
Finished ROM, RAM, DSP, Shift Register and Retiming Reporting
---------------------------------------------------------------------------------
---------------------------------------------------------------------------------
Start Writing Synthesis Report
---------------------------------------------------------------------------------

Report BlackBoxes: 
+-+--------------+----------+
| |BlackBox name |Instances |
+-+--------------+----------+
+-+--------------+----------+

Report Cell Usage: 
+------+--------------+------+
|      |Cell          |Count |
+------+--------------+------+
|1     |BUFG          |     7|
|2     |BUFH          |     1|
|3     |CARRY4        |    70|
|4     |GTPE2_CHANNEL |     2|
|5     |GTPE2_COMMON  |     1|
|6     |IBUFDS_GTE2   |     1|
|7     |LUT1          |    89|
|8     |LUT2          |    72|
|9     |LUT3          |    81|
|10    |LUT4          |    57|
|11    |LUT5          |   167|
|12    |LUT6          |   143|
|13    |MMCME2_ADV    |     2|
|14    |SRLC32E       |     7|
|15    |FD            |   216|
|16    |FDCE          |    94|
|17    |FDP           |     4|
|18    |FDPE          |     2|
|19    |FDRE          |   405|
|20    |FDSE          |    22|
+------+--------------+------+
---------------------------------------------------------------------------------
Finished Writing Synthesis Report : Time (s): cpu = 00:01:23 ; elapsed = 00:01:35 . Memory (MB): peak = 1354.531 ; gain = 267.566
---------------------------------------------------------------------------------
Synthesis finished with 0 errors, 0 critical warnings and 0 warnings.
Synthesis Optimization Runtime : Time (s): cpu = 00:00:58 ; elapsed = 00:01:26 . Memory (MB): peak = 1354.531 ; gain = 148.574
Synthesis Optimization Complete : Time (s): cpu = 00:01:24 ; elapsed = 00:01:35 . Memory (MB): peak = 1354.531 ; gain = 267.566
INFO: [Project 1-571] Translating synthesized netlist
Netlist sorting complete. Time (s): cpu = 00:00:00 ; elapsed = 00:00:00.103 . Memory (MB): peak = 1354.531 ; gain = 0.000
INFO: [Netlist 29-17] Analyzing 292 Unisim elements for replacement
INFO: [Netlist 29-28] Unisim Transformation completed in 0 CPU seconds
INFO: [Project 1-570] Preparing netlist for logic optimization
INFO: [Opt 31-138] Pushed 0 inverter(s) to 0 load pin(s).
Netlist sorting complete. Time (s): cpu = 00:00:00 ; elapsed = 00:00:00.001 . Memory (MB): peak = 1370.172 ; gain = 0.000
INFO: [Project 1-111] Unisim Transformation Summary:
  A total of 220 instances were transformed.
  FD => FDRE: 216 instances
  FDP => FDPE: 4 instances

INFO: [Common 17-83] Releasing license: Synthesis
70 Infos, 6 Warnings, 0 Critical Warnings and 0 Errors encountered.
synth_design completed successfully
synth_design: Time (s): cpu = 00:01:40 ; elapsed = 00:02:03 . Memory (MB): peak = 1370.172 ; gain = 283.207
INFO: [Common 17-1381] The checkpoint 'C:/Users/HP/Documents/DUNE at CERN/FM_Integration/FM_Integration.runs/felix_gtp0_synth_1/felix_gtp0.dcp' has been generated.
WARNING: [Common 17-576] 'use_project_ipc' is deprecated. This option is deprecated and no longer used.
INFO: [Coretcl 2-1648] Added synthesis output to IP cache for IP felix_gtp0, cache-ID = bed7d75b1c612be0
INFO: [Coretcl 2-1174] Renamed 53 cell refs.
INFO: [Common 17-1381] The checkpoint 'C:/Users/HP/Documents/DUNE at CERN/FM_Integration/FM_Integration.runs/felix_gtp0_synth_1/felix_gtp0.dcp' has been generated.
INFO: [runtcl-4] Executing : report_utilization -file felix_gtp0_utilization_synth.rpt -pb felix_gtp0_utilization_synth.pb
INFO: [Common 17-206] Exiting Vivado at Tue Jul 12 14:36:30 2022...
