Copyright 1986-2020 Xilinx, Inc. All Rights Reserved.
------------------------------------------------------------------------------------
| Tool Version : Vivado v.2020.2 (win64) Build 3064766 Wed Nov 18 09:12:45 MST 2020
| Date         : Tue Jul 12 14:44:35 2022
| Host         : LAPTOP-D1HA32OK running 64-bit major release  (build 9200)
| Command      : upgrade_ip
| Device       : xc7a200tfbg676-3
------------------------------------------------------------------------------------

Upgrade Log for IP 'vio_0'

1. Summary
----------

SUCCESS in the conversion of vio_0 (xilinx.com:ip:vio:3.0 (Rev. 19)) to Vivado generation flows.






Copyright 1986-2020 Xilinx, Inc. All Rights Reserved.
------------------------------------------------------------------------------------
| Tool Version : Vivado v.2020.2 (win64) Build 3064766 Wed Nov 18 09:12:45 MST 2020
| Date         : Tue Jul 12 14:37:16 2022
| Host         : LAPTOP-D1HA32OK running 64-bit major release  (build 9200)
| Command      : upgrade_ip
| Device       : xc7a200tfbg676-3
------------------------------------------------------------------------------------

Upgrade Log for IP 'ila_0'

1. Summary
----------

SUCCESS in the conversion of ila_0 (xilinx.com:ip:ila:6.2 (Rev. 11)) to Vivado generation flows.






Copyright 1986-2020 Xilinx, Inc. All Rights Reserved.
------------------------------------------------------------------------------------
| Tool Version : Vivado v.2020.2 (win64) Build 3064766 Wed Nov 18 09:12:45 MST 2020
| Date         : Tue Jul 12 14:32:41 2022
| Host         : LAPTOP-D1HA32OK running 64-bit major release  (build 9200)
| Command      : upgrade_ip
| Device       : xc7a200tfbg676-3
------------------------------------------------------------------------------------

Upgrade Log for IP 'felix_gtp0'

1. Summary
----------

SUCCESS in the upgrade of felix_gtp0 (xilinx.com:ip:gtwizard:3.6) from (Rev. 11) to (Rev. 13)

